c:\users\sorec\source\repos\crud\crud\x64\debug\crud.pch
c:\users\sorec\source\repos\crud\crud\x64\debug\vc143.pdb
c:\users\sorec\source\repos\crud\crud\x64\debug\pch.obj
c:\users\sorec\source\repos\crud\crud\x64\debug\form1.obj
c:\users\sorec\source\repos\crud\crud\x64\debug\db.obj
c:\users\sorec\source\repos\crud\crud\x64\debug\cppclr_winformsproject.obj
c:\users\sorec\source\repos\crud\crud\x64\debug\conexionbd.obj
c:\users\sorec\source\repos\crud\crud\x64\debug\assemblyinfo.obj
c:\users\sorec\source\repos\crud\crud\x64\debug\.netframework,version=v4.7.2.assemblyattributes.obj
c:\users\sorec\source\repos\crud\x64\debug\mysql.data.dll
c:\users\sorec\source\repos\crud\x64\debug\mysql.data.xml
c:\users\sorec\source\repos\crud\x64\debug\crud.exe
c:\users\sorec\source\repos\crud\x64\debug\crud.pdb
c:\users\sorec\source\repos\crud\crud\x64\debug\app.res
c:\users\sorec\source\repos\crud\crud\x64\debug\crud.tlog\cl.command.1.tlog
c:\users\sorec\source\repos\crud\crud\x64\debug\crud.tlog\cl.items.tlog
c:\users\sorec\source\repos\crud\crud\x64\debug\crud.tlog\cl.read.1.tlog
c:\users\sorec\source\repos\crud\crud\x64\debug\crud.tlog\cl.write.1.tlog
c:\users\sorec\source\repos\crud\crud\x64\debug\crud.tlog\copylocal.read.1u.tlog
c:\users\sorec\source\repos\crud\crud\x64\debug\crud.tlog\copylocal.write.1u.tlog
c:\users\sorec\source\repos\crud\crud\x64\debug\crud.tlog\link.command.1.tlog
c:\users\sorec\source\repos\crud\crud\x64\debug\crud.tlog\link.read.1.tlog
c:\users\sorec\source\repos\crud\crud\x64\debug\crud.tlog\link.secondary.1.tlog
c:\users\sorec\source\repos\crud\crud\x64\debug\crud.tlog\link.write.1.tlog
c:\users\sorec\source\repos\crud\crud\x64\debug\crud.tlog\metagen.read.1.tlog
c:\users\sorec\source\repos\crud\crud\x64\debug\crud.tlog\metagen.write.1.tlog
c:\users\sorec\source\repos\crud\crud\x64\debug\crud.tlog\rc.command.1.tlog
c:\users\sorec\source\repos\crud\crud\x64\debug\crud.tlog\rc.read.1.tlog
c:\users\sorec\source\repos\crud\crud\x64\debug\crud.tlog\rc.write.1.tlog
c:\users\sorec\source\repos\crud\crud\x64\debug\crud.tlog\resgen.command.1.tlog
c:\users\sorec\source\repos\crud\crud\x64\debug\crud.tlog\resgen.read.1.tlog
c:\users\sorec\source\repos\crud\crud\x64\debug\crud.tlog\resgen.write.1.tlog
